<?xml version="1.0" encoding="UTF-8"?>
<coverage generated="1675975849295" clover="3.2.0">
  <project timestamp="1675975849295" name="All files">
    <metrics statements="14" coveredstatements="9" conditionals="4" coveredconditionals="2" methods="8" coveredmethods="4" elements="26" coveredelements="15" complexity="0" loc="14" ncloc="14" packages="1" files="1" classes="1"/>
    <file name="ObserverPattern.ts" path="/Users/yilan/Documents/projects-js/gridland/src/pattern/ObserverPattern.ts">
      <metrics statements="14" coveredstatements="9" conditionals="4" coveredconditionals="2" methods="8" coveredmethods="4"/>
      <line num="1" count="1" type="stmt"/>
      <line num="5" count="1" type="stmt"/>
      <line num="9" count="100" type="stmt"/>
      <line num="10" count="100" type="stmt"/>
      <line num="14" count="101" type="cond" truecount="1" falsecount="0"/>
      <line num="15" count="100" type="stmt"/>
      <line num="17" count="1" type="stmt"/>
      <line num="21" count="0" type="cond" truecount="0" falsecount="1"/>
      <line num="22" count="0" type="stmt"/>
      <line num="23" count="0" type="stmt"/>
      <line num="25" count="0" type="stmt"/>
      <line num="29" count="0" type="stmt"/>
      <line num="33" count="1" type="stmt"/>
      <line num="37" count="100" type="cond" truecount="1" falsecount="1"/>
    </file>
  </project>
</coverage>
