TN:
SF:src/pattern/ObserverPattern.ts
FN:4,(anonymous_0)
FN:8,(anonymous_1)
FN:13,(anonymous_2)
FN:20,(anonymous_3)
FN:28,(anonymous_4)
FN:29,(anonymous_5)
FN:36,(anonymous_6)
FN:37,(anonymous_7)
FNF:8
FNH:4
FNDA:1,(anonymous_0)
FNDA:100,(anonymous_1)
FNDA:101,(anonymous_2)
FNDA:0,(anonymous_3)
FNDA:0,(anonymous_4)
FNDA:0,(anonymous_5)
FNDA:100,(anonymous_6)
FNDA:0,(anonymous_7)
DA:1,1
DA:5,1
DA:9,100
DA:10,100
DA:14,101
DA:15,100
DA:17,1
DA:21,0
DA:22,0
DA:23,0
DA:25,0
DA:29,0
DA:33,1
DA:37,100
LF:14
LH:9
BRDA:14,0,0,100
BRDA:21,1,0,0
BRDA:37,2,0,100
BRDA:37,2,1,0
BRF:4
BRH:2
end_of_record
